  SpriteManager.cpp
  Player.cpp
c:\users\couch\documents\programming\game_dev\dungeon\dungeon\player.cpp(19): warning C4244: 'argument': conversion from 'int' to 'float', possible loss of data
c:\users\couch\documents\programming\game_dev\dungeon\dungeon\player.cpp(38): warning C4800: 'std::string *': forcing value to bool 'true' or 'false' (performance warning)
c:\users\couch\documents\programming\game_dev\dungeon\dungeon\player.cpp(38): warning C4800: 'sf::Vector2f *': forcing value to bool 'true' or 'false' (performance warning)
  Pickup.cpp
  TMonster.cpp
  Monster.cpp
  Main.cpp
c:\users\couch\documents\programming\game_dev\dungeon\dungeon\main.cpp(6): warning C4244: 'argument': conversion from 'time_t' to 'unsigned int', possible loss of data
  LevelMap.cpp
c:\users\couch\documents\programming\game_dev\dungeon\dungeon\dungeontile.h(21): warning C4244: 'argument': conversion from 'int' to 'float', possible loss of data
  c:\users\couch\documents\programming\game_dev\dungeon\dungeon\levelmap.cpp(25): note: see reference to function template instantiation 'void DungeonTile::setPosition<int,int>(int &&,int &&)' being compiled
  Game.cpp
c:\users\couch\documents\programming\game_dev\dungeon\dungeon\game.cpp(114): warning C4244: 'initializing': conversion from 'float' to 'int', possible loss of data
c:\users\couch\documents\programming\game_dev\dungeon\dungeon\game.cpp(115): warning C4244: 'initializing': conversion from 'float' to 'int', possible loss of data
c:\users\couch\documents\programming\game_dev\dungeon\dungeon\game.cpp(120): warning C4018: '<': signed/unsigned mismatch
c:\users\couch\documents\programming\game_dev\dungeon\dungeon\game.cpp(132): warning C4018: '<': signed/unsigned mismatch
  DungeonTile.cpp
  ActorManager.cpp
  Actor.cpp
  Generating Code...
  Dungeon.vcxproj -> C:\Users\couch\Documents\PROGRAMMING\GAME_DEV\Dungeon\x64\Debug\Dungeon.exe
  Dungeon.vcxproj -> C:\Users\couch\Documents\PROGRAMMING\GAME_DEV\Dungeon\x64\Debug\Dungeon.pdb (Partial PDB)
